New log file opened at Sat Nov 05 18:38:25 GMT 2016 by 1612@C02S9ASFG8WP
Taking next connection to: 60737
New client attempting to connect on port: 60738-60737
  Address = /192.168.1.210:60737
This client on port 60738 has uuid e67c67fb-4925-41e8-affa-6d49f0ea0a94 configName activator humanReadableName Activator protocolVersion 3 featureTags Vector()
Connected Clients: activator-e67c67fb-4925-41e8-affa-6d49f0ea0a94
Taking next connection to: 60737
New client attempting to connect on port: 60739-60737
  Address = /192.168.1.210:60737
Handshake exception on socket: 60739
sbt.impl.ipc.HandshakeException: Unable to perform handshake
	at sbt.impl.ipc.Peer.handshake(IPC.scala:46)
	at sbt.impl.ipc.MultiClientServer.<init>(IPC.scala:150)
	at sbt.server.SbtServerSocketHandler$$anon$1.run(SbtServerSocketHandler.scala:43)
Caused by: java.io.EOFException
	at java.io.DataInputStream.readInt(DataInputStream.java:392)
	at sbt.impl.ipc.Peer.receive(IPC.scala:95)
	at sbt.impl.ipc.Peer.handshake(IPC.scala:49)
	... 2 more
Taking next connection to: 60737
New client attempting to connect on port: 60740-60737
  Address = /192.168.1.210:60737
This client on port 60740 has uuid 25fae15b-9f8a-4c68-b1a7-8ecb9bc95f6f configName activator humanReadableName Activator protocolVersion 3 featureTags Vector()
Connected Clients: activator-e67c67fb-4925-41e8-affa-6d49f0ea0a94, activator-25fae15b-9f8a-4c68-b1a7-8ecb9bc95f6f
Taking next connection to: 60737
New client attempting to connect on port: 60741-60737
  Address = /192.168.1.210:60737
Handshake exception on socket: 60741
sbt.impl.ipc.HandshakeException: Unable to perform handshake
	at sbt.impl.ipc.Peer.handshake(IPC.scala:46)
	at sbt.impl.ipc.MultiClientServer.<init>(IPC.scala:150)
	at sbt.server.SbtServerSocketHandler$$anon$1.run(SbtServerSocketHandler.scala:43)
Caused by: java.io.EOFException
	at java.io.DataInputStream.readInt(DataInputStream.java:392)
	at sbt.impl.ipc.Peer.receive(IPC.scala:95)
	at sbt.impl.ipc.Peer.handshake(IPC.scala:49)
	... 2 more
Taking next connection to: 60737
New client attempting to connect on port: 60742-60737
  Address = /192.168.1.210:60737
This client on port 60742 has uuid ffca9c5e-725b-4bd6-984d-8cff31825f51 configName activator humanReadableName Activator protocolVersion 3 featureTags Vector()
Connected Clients: activator-e67c67fb-4925-41e8-affa-6d49f0ea0a94, activator-25fae15b-9f8a-4c68-b1a7-8ecb9bc95f6f, activator-ffca9c5e-725b-4bd6-984d-8cff31825f51
Taking next connection to: 60737
